<?xml version="1.0" encoding="UTF-8"?>
<!-- Generated by org.testng.reporters.JUnitReportReporter -->
<testsuite skipped="0" hostname="DESKTOP-VII0J20" name="com.FalconTalk.ManualAccountConfiguration.CabinProfile" tests="7" failures="0" timestamp="2021-09-05T15:48:40 BDT" time="38.115" errors="0">
  <testcase name="CabinRouterPageforGogo" time="5.475" classname="com.FalconTalk.ManualAccountConfiguration.CabinProfile"/>
  <system-out/>
  <testcase name="CabinRouterPageforHoneywellLegacy" time="6.073" classname="com.FalconTalk.ManualAccountConfiguration.CabinProfile"/>
  <system-out/>
  <testcase name="CabinRouterPageforHoneywellFc" time="5.935" classname="com.FalconTalk.ManualAccountConfiguration.CabinProfile"/>
  <system-out/>
  <testcase name="CabinRouterPageforHoneywellCNX" time="5.918" classname="com.FalconTalk.ManualAccountConfiguration.CabinProfile"/>
  <system-out/>
  <testcase name="CabinRouterPageforHoneywellGDR" time="5.928" classname="com.FalconTalk.ManualAccountConfiguration.CabinProfile"/>
  <system-out/>
  <testcase name="CabinRouterPageforSatcom" time="5.795" classname="com.FalconTalk.ManualAccountConfiguration.CabinProfile"/>
  <system-out/>
  <testcase name="CabinRouterPageforCustom" time="2.991" classname="com.FalconTalk.ManualAccountConfiguration.CabinProfile"/>
  <system-out/>
</testsuite> <!-- com.FalconTalk.ManualAccountConfiguration.CabinProfile -->
