<?xml version="1.0" encoding="UTF-8"?>
<!-- Generated by org.testng.reporters.JUnitReportReporter -->
<testsuite skipped="0" hostname="DESKTOP-VII0J20" name="com.FalconTalk.CabinModeConfiguration.ConfigureCabinDevice" tests="5" failures="0" timestamp="2021-09-05T18:25:50 BDT" time="14.303" errors="0">
  <testcase name="ConfigureCabinDevicePageTest" time="6.312" classname="com.FalconTalk.CabinModeConfiguration.ConfigureCabinDevice"/>
  <system-out/>
  <testcase name="TostMessageTest" time="0.652" classname="com.FalconTalk.CabinModeConfiguration.ConfigureCabinDevice"/>
  <system-out/>
  <testcase name="CabinAccountAndExtensionSelectionPageTest" time="1.398" classname="com.FalconTalk.CabinModeConfiguration.ConfigureCabinDevice"/>
  <system-out/>
  <testcase name="AllCabinAccountIsFreeTest" time="0.450" classname="com.FalconTalk.CabinModeConfiguration.ConfigureCabinDevice"/>
  <system-out/>
  <testcase name="CabinAccountandExtensionRangeTest" time="5.491" classname="com.FalconTalk.CabinModeConfiguration.ConfigureCabinDevice"/>
  <system-out/>
</testsuite> <!-- com.FalconTalk.CabinModeConfiguration.ConfigureCabinDevice -->
