<?xml version="1.0" encoding="UTF-8"?>
<!-- Generated by org.testng.reporters.JUnitReportReporter -->
<testsuite skipped="0" hostname="DESKTOP-VII0J20" name="com.FalconTalk.AutoDiscovery.AutoDiscovery" tests="2" failures="0" timestamp="2021-09-05T15:48:40 BDT" time="2.311" errors="0">
  <testcase name="RouterListTest" time="1.385" classname="com.FalconTalk.AutoDiscovery.AutoDiscovery"/>
  <system-out/>
  <testcase name="SkipButtonTest" time="0.926" classname="com.FalconTalk.AutoDiscovery.AutoDiscovery"/>
  <system-out/>
</testsuite> <!-- com.FalconTalk.AutoDiscovery.AutoDiscovery -->
