<?xml version="1.0" encoding="UTF-8"?>
<!-- Generated by org.testng.reporters.JUnitReportReporter -->
<testsuite skipped="0" hostname="DESKTOP-VII0J20" name="com.FalconTalk.Basic.About" tests="4" failures="0" timestamp="2021-09-05T15:48:40 BDT" time="7.582" errors="0">
  <testcase name="EULATest" time="1.652" classname="com.FalconTalk.Basic.About"/>
  <system-out/>
  <testcase name="AboutPageTest" time="3.136" classname="com.FalconTalk.Basic.About"/>
  <system-out/>
  <testcase name="AppNameTest" time="0.057" classname="com.FalconTalk.Basic.About"/>
  <system-out/>
  <testcase name="PrivacyStatementTest" time="2.737" classname="com.FalconTalk.Basic.About"/>
  <system-out/>
</testsuite> <!-- com.FalconTalk.Basic.About -->
