<?xml version="1.0" encoding="UTF-8"?>
<!-- Generated by org.testng.reporters.JUnitReportReporter -->
<testsuite skipped="0" hostname="DESKTOP-VII0J20" name="com.FalconTalk.ManualAccountConfiguration.CustomAccountConfiguration" tests="8" failures="0" timestamp="2021-09-05T15:48:40 BDT" time="32.550" errors="0">
  <testcase name="CustomProfileInputRegTest" time="6.304" classname="com.FalconTalk.ManualAccountConfiguration.CustomAccountConfiguration"/>
  <system-out/>
  <testcase name="CustomAccoundAddedDisablePreviousAcountTest" time="0.122" classname="com.FalconTalk.ManualAccountConfiguration.CustomAccountConfiguration"/>
  <system-out/>
  <testcase name="CustomAccountDisableWhenEnableingAutoAccountTest" time="5.938" classname="com.FalconTalk.ManualAccountConfiguration.CustomAccountConfiguration"/>
  <system-out/>
  <testcase name="CustomAccountEditTest" time="11.380" classname="com.FalconTalk.ManualAccountConfiguration.CustomAccountConfiguration"/>
  <system-out/>
  <testcase name="CustomAccountShowingOnKeypadTest" time="2.265" classname="com.FalconTalk.ManualAccountConfiguration.CustomAccountConfiguration"/>
  <system-out/>
  <testcase name="CustomAccontShowingOnNavDrawerTest" time="2.141" classname="com.FalconTalk.ManualAccountConfiguration.CustomAccountConfiguration"/>
  <system-out/>
  <testcase name="CustomAccountShowingOnProfileListTest" time="1.240" classname="com.FalconTalk.ManualAccountConfiguration.CustomAccountConfiguration"/>
  <system-out/>
  <testcase name="CustomAccountShowingOnAutoDiscoveryCabinListTest" time="3.160" classname="com.FalconTalk.ManualAccountConfiguration.CustomAccountConfiguration"/>
  <system-out/>
</testsuite> <!-- com.FalconTalk.ManualAccountConfiguration.CustomAccountConfiguration -->
