<?xml version="1.0" encoding="UTF-8"?>
<!-- Generated by org.testng.reporters.JUnitReportReporter -->
<testsuite skipped="0" hostname="DESKTOP-VII0J20" name="com.FalconTalk.DialPlans.DialPlans" tests="2" failures="0" timestamp="2021-05-02T15:09:51 BDT" time="11.601" errors="0">
  <testcase name="AddNewDialPlansTest" time="4.938" classname="com.FalconTalk.DialPlans.DialPlans"/>
  <system-out/>
  <testcase name="DialPlansEditTest" time="6.663" classname="com.FalconTalk.DialPlans.DialPlans"/>
  <system-out/>
</testsuite> <!-- com.FalconTalk.DialPlans.DialPlans -->
